mode: set
cook/leetcode/176.is-balance-binary-tree/solution.go:9.21,10.11 1 1
cook/leetcode/176.is-balance-binary-tree/solution.go:10.11,12.3 1 0
cook/leetcode/176.is-balance-binary-tree/solution.go:13.2,13.10 1 1
cook/leetcode/176.is-balance-binary-tree/solution.go:16.24,17.11 1 1
cook/leetcode/176.is-balance-binary-tree/solution.go:17.11,19.3 1 1
cook/leetcode/176.is-balance-binary-tree/solution.go:20.2,20.10 1 1
cook/leetcode/176.is-balance-binary-tree/solution.go:23.31,24.17 1 1
cook/leetcode/176.is-balance-binary-tree/solution.go:24.17,26.3 1 1
cook/leetcode/176.is-balance-binary-tree/solution.go:27.2,27.59 1 1
cook/leetcode/176.is-balance-binary-tree/solution.go:30.33,31.17 1 1
cook/leetcode/176.is-balance-binary-tree/solution.go:31.17,33.3 1 1
cook/leetcode/176.is-balance-binary-tree/solution.go:34.2,34.108 1 1
cook/leetcode/102.binary-tree-level-order-traversal/solution.go:12.41,14.17 2 1
cook/leetcode/102.binary-tree-level-order-traversal/solution.go:14.17,16.3 1 1
cook/leetcode/102.binary-tree-level-order-traversal/solution.go:18.2,19.28 2 1
cook/leetcode/102.binary-tree-level-order-traversal/solution.go:19.28,22.37 3 1
cook/leetcode/102.binary-tree-level-order-traversal/solution.go:22.37,24.24 2 1
cook/leetcode/102.binary-tree-level-order-traversal/solution.go:24.24,26.5 1 1
cook/leetcode/102.binary-tree-level-order-traversal/solution.go:27.4,27.25 1 1
cook/leetcode/102.binary-tree-level-order-traversal/solution.go:27.25,29.5 1 1
cook/leetcode/102.binary-tree-level-order-traversal/solution.go:31.3,32.32 2 1
cook/leetcode/102.binary-tree-level-order-traversal/solution.go:34.2,35.15 2 1
cook/leetcode/206.reverse-node-list/solution.go:8.40,9.17 1 1
cook/leetcode/206.reverse-node-list/solution.go:9.17,11.3 1 0
cook/leetcode/206.reverse-node-list/solution.go:12.2,14.21 3 1
cook/leetcode/206.reverse-node-list/solution.go:14.21,19.3 4 1
cook/leetcode/206.reverse-node-list/solution.go:20.2,20.17 1 1
cook/leetcode/206.reverse-node-list/solution.go:24.41,25.17 1 0
cook/leetcode/206.reverse-node-list/solution.go:25.17,27.3 1 0
cook/leetcode/206.reverse-node-list/solution.go:28.2,29.17 2 0
cook/leetcode/206.reverse-node-list/solution.go:33.41,34.17 1 0
cook/leetcode/206.reverse-node-list/solution.go:34.17,36.3 1 0
cook/leetcode/206.reverse-node-list/solution.go:37.2,39.21 3 0
cook/leetcode/206.reverse-node-list/solution.go:39.21,43.3 2 0
cook/leetcode/206.reverse-node-list/solution.go:45.2,45.17 1 0
cook/leetcode/206.reverse-node-list/solution.go:49.41,50.17 1 0
cook/leetcode/206.reverse-node-list/solution.go:50.17,52.3 1 0
cook/leetcode/206.reverse-node-list/solution.go:53.2,55.21 3 0
cook/leetcode/206.reverse-node-list/solution.go:55.21,60.3 4 0
cook/leetcode/206.reverse-node-list/solution.go:61.2,61.17 1 0
cook/leetcode/34.binary-search/solution.go:3.40,5.20 2 1
cook/leetcode/34.binary-search/solution.go:5.20,7.23 2 1
cook/leetcode/34.binary-search/solution.go:7.23,8.38 1 1
cook/leetcode/34.binary-search/solution.go:8.38,10.5 1 1
cook/leetcode/34.binary-search/solution.go:10.10,12.5 1 1
cook/leetcode/34.binary-search/solution.go:13.9,13.29 1 1
cook/leetcode/34.binary-search/solution.go:13.29,15.4 1 1
cook/leetcode/34.binary-search/solution.go:15.9,17.4 1 0
cook/leetcode/34.binary-search/solution.go:19.2,19.11 1 0
cook/leetcode/34.binary-search/solution.go:22.41,24.20 2 1
cook/leetcode/34.binary-search/solution.go:24.20,26.23 2 1
cook/leetcode/34.binary-search/solution.go:26.23,27.47 1 1
cook/leetcode/34.binary-search/solution.go:27.47,29.5 1 1
cook/leetcode/34.binary-search/solution.go:29.10,31.5 1 1
cook/leetcode/34.binary-search/solution.go:32.9,32.29 1 0
cook/leetcode/34.binary-search/solution.go:32.29,34.4 1 0
cook/leetcode/34.binary-search/solution.go:34.9,36.4 1 0
cook/leetcode/34.binary-search/solution.go:38.2,38.11 1 0
cook/leetcode/hash/main.go:5.25,7.30 2 0
cook/leetcode/hash/main.go:7.30,9.3 1 0
cook/leetcode/hash/main.go:10.2,10.10 1 0
cook/leetcode/hash/main.go:13.13,16.2 2 0
cook/leetcode/146.spiral-array/solution.go:10.13,14.2 3 0
cook/leetcode/146.spiral-array/solution.go:17.40,19.22 2 0
cook/leetcode/146.spiral-array/solution.go:19.22,21.3 1 0
cook/leetcode/146.spiral-array/solution.go:22.2,28.26 5 0
cook/leetcode/146.spiral-array/solution.go:28.26,29.50 1 0
cook/leetcode/146.spiral-array/solution.go:29.50,31.4 1 0
cook/leetcode/146.spiral-array/solution.go:32.3,36.49 4 0
cook/leetcode/146.spiral-array/solution.go:36.49,38.4 1 0
cook/leetcode/146.spiral-array/solution.go:39.3,43.51 4 0
cook/leetcode/146.spiral-array/solution.go:43.51,45.4 1 0
cook/leetcode/146.spiral-array/solution.go:46.3,50.50 4 0
cook/leetcode/146.spiral-array/solution.go:50.50,52.4 1 0
cook/leetcode/146.spiral-array/solution.go:53.3,55.6 3 0
cook/leetcode/146.spiral-array/solution.go:58.2,58.15 1 0
cook/leetcode/146.spiral-array/solution.go:62.41,64.22 2 0
cook/leetcode/146.spiral-array/solution.go:64.22,66.3 1 0
cook/leetcode/146.spiral-array/solution.go:67.2,70.26 4 0
cook/leetcode/146.spiral-array/solution.go:70.26,71.57 1 0
cook/leetcode/146.spiral-array/solution.go:71.57,73.4 1 0
cook/leetcode/146.spiral-array/solution.go:74.3,76.57 2 0
cook/leetcode/146.spiral-array/solution.go:76.57,78.4 1 0
cook/leetcode/146.spiral-array/solution.go:79.3,81.57 2 0
cook/leetcode/146.spiral-array/solution.go:81.57,83.4 1 0
cook/leetcode/146.spiral-array/solution.go:84.3,86.57 2 0
cook/leetcode/146.spiral-array/solution.go:86.57,88.4 1 0
cook/leetcode/146.spiral-array/solution.go:89.3,89.9 1 0
cook/leetcode/146.spiral-array/solution.go:91.2,91.15 1 0
cook/leetcode/146.spiral-array/solution.go:95.41,97.22 2 0
cook/leetcode/146.spiral-array/solution.go:97.22,99.3 1 0
cook/leetcode/146.spiral-array/solution.go:100.2,106.26 5 0
cook/leetcode/146.spiral-array/solution.go:106.26,107.50 1 0
cook/leetcode/146.spiral-array/solution.go:107.50,109.4 1 0
cook/leetcode/146.spiral-array/solution.go:110.3,113.49 3 0
cook/leetcode/146.spiral-array/solution.go:113.49,115.4 1 0
cook/leetcode/146.spiral-array/solution.go:116.3,119.51 3 0
cook/leetcode/146.spiral-array/solution.go:119.51,121.4 1 0
cook/leetcode/146.spiral-array/solution.go:122.3,125.50 3 0
cook/leetcode/146.spiral-array/solution.go:125.50,127.4 1 0
cook/leetcode/146.spiral-array/solution.go:128.3,129.15 2 0
cook/leetcode/146.spiral-array/solution.go:132.2,132.15 1 0
